2019-11-01 10:11:29,321 INFO [root] [utils.py read_emp_add:66] - [jsonData {'emp_add': {'username': '女娲010', 'mobile': '13700452330', 'status_code': 200, 'success': True, 'code': 10000, 'message': '操作成功'}, 'emp_query': {'status_code': 200, 'success': True, 'code': 10000, 'message': '操作成功'}, 'emp_update': {'username': '迪士尼乐园', 'status_code': 200, 'success': True, 'code': 10000, 'message': '操作成功'}, 'emp_delete': {'status_code': 200, 'success': True, 'code': 10000, 'message': '操作成功'}}]
2019-11-01 10:11:29,327 INFO [root] [utils.py read_emp_add:76] - [读取到的添加员工的数据为：[('女娲010', '13700452330', 200, True, 10000, '操作成功')]]
2019-11-01 10:11:29,338 INFO [root] [utils.py query_emp:94] - [读取员工数据时，返回的数据为：[(200, True, 10000, '操作成功')]]
2019-11-01 10:11:29,344 INFO [root] [utils.py update_emp_data:111] - [修改员工数据时，返回的数据为：[('迪士尼乐园', 200, True, 10000, '操作成功')]]
2019-11-01 10:11:29,357 INFO [root] [utils.py delete_emp_data:127] - [删除员工用例的数据为：[(200, True, 10000, '操作成功')]]
2019-11-01 10:11:29,364 INFO [root] [utils.py read_login_data:56] - [读取后，返回的登陆数据列表为： [('登陆成功', '1380000002', '123456', 200, True, 10000, '操作成功'), ('用户名或密码错误', '1390000002', '123456', 200, False, 20001, '用户名或密码错误'), ('密码错误', '1380000002', 'error', 200, False, 20001, '用户名或密码错误'), ('手机号码为空', '', 'error', 200, False, 20001, '用户名或密码错误'), ('密码为空', '13800000002', '', 200, False, 20001, '用户名或密码错误')]]
2019-11-01 10:11:29,454 INFO [root] [login_parameterized.py test01_login:26] - [登陆成功的数据： {'success': False, 'code': 20001, 'message': '用户名或密码错误', 'data': None}]
2019-11-01 10:11:29,528 INFO [root] [login_parameterized.py test01_login:26] - [登陆成功的数据： {'success': False, 'code': 20001, 'message': '用户名或密码错误', 'data': None}]
2019-11-01 10:11:29,603 INFO [root] [login_parameterized.py test01_login:26] - [登陆成功的数据： {'success': False, 'code': 20001, 'message': '用户名或密码错误', 'data': None}]
2019-11-01 10:11:29,672 INFO [root] [login_parameterized.py test01_login:26] - [登陆成功的数据： {'success': False, 'code': 20001, 'message': '用户名或密码错误', 'data': None}]
2019-11-01 10:11:29,742 INFO [root] [login_parameterized.py test01_login:26] - [登陆成功的数据： {'success': True, 'code': 10000, 'message': '操作成功！', 'data': 'b128a038-3ffa-40f1-adb8-93e2bacd7981'}]
2019-11-01 10:11:29,815 INFO [root] [login_parameterized.py test04_requests_params_is_empyt:42] - [请求参数为空： {'success': False, 'code': 99999, 'message': '抱歉，系统繁忙，请稍后重试！', 'data': None}]
2019-11-01 10:11:29,816 INFO [root] [login_api.py login_invalid_params:34] - [{'verfify': '123456'}]
2019-11-01 10:11:29,817 INFO [root] [login_api.py login_invalid_params:37] - [无效参数的登陆数据 {'mobile': '13800000002', 'password': '123456', 'verfify': '123456'}]
2019-11-01 10:11:29,893 INFO [root] [login_parameterized.py test07_add_invalid_params:50] - [添加一个无效的参数： {'success': True, 'code': 10000, 'message': '操作成功！', 'data': '68866755-11ba-4d35-a91f-035a88c4122a'}]
2019-11-01 10:11:29,967 INFO [root] [emp_parameterized.py test01_login_success:29] - [员工管理模块登陆接口的调用结果为： {'success': True, 'code': 10000, 'message': '操作成功！', 'data': 'cf6d1c39-7f6b-431c-b431-8187d98f4eca'}]
2019-11-01 10:11:29,968 INFO [root] [emp_parameterized.py test01_login_success:35] - [员工管理模块登陆接口中访问app.Headers的值为： {'Content-Type': 'application/json', 'Authorization': 'Bearer cf6d1c39-7f6b-431c-b431-8187d98f4eca'}]
2019-11-01 10:11:29,969 INFO [root] [emp_api.py add_emp:28] - [添加员工接口中，请求头为：self.headers = {'Content-Type': 'application/json', 'Authorization': 'Bearer cf6d1c39-7f6b-431c-b431-8187d98f4eca'}]
2019-11-01 10:11:30,043 INFO [root] [emp_parameterized.py test02_add_emp:47] - [添加员工接口的返回值为： {'success': True, 'code': 10000, 'message': '操作成功！', 'data': {'id': '1190088942778929152'}}]
2019-11-01 10:11:30,044 INFO [root] [emp_parameterized.py test02_add_emp:52] - [添加员工接口后，保存在app.EMP_ID的值为1190088942778929152]
2019-11-01 10:11:30,210 INFO [root] [emp_parameterized.py test02_add_emp:68] - [从数据库查询的到的username是('女娲010',)]
2019-11-01 10:11:30,215 INFO [root] [emp_api.py query_emp:32] - [传入的查询员工API接口中的emp_id的值为:1190088942778929152]
2019-11-01 10:11:30,217 INFO [root] [emp_api.py query_emp:35] - [查询员工接口的URL为　http://182.92.81.159/api/sys/user/1190088942778929152]
2019-11-01 10:11:30,289 INFO [root] [emp_parameterized.py test03_query_emp:84] - [查询员工接口返回的数据为：{'success': True, 'code': 10000, 'message': '操作成功！', 'data': {'id': '1190088942778929152', 'mobile': '13700452330', 'username': '女娲010', 'password': '4faf9b4fc3c15f39b6184727164dc545', 'enableState': 1, 'createTime': None, 'companyId': '1', 'companyName': '传智播客', 'departmentId': '1066238836272664576', 'timeOfEntry': '2019-10-01T00:00:00.000+0000', 'formOfEmployment': 1, 'workNumber': '9833221', 'formOfManagement': None, 'workingCity': None, 'correctionTime': '2019-12-31T16:00:00.000+0000', 'inServiceStatus': None, 'departmentName': '财务部', 'roleIds': [], 'staffPhoto': None}}]
2019-11-01 10:11:30,371 INFO [root] [emp_parameterized.py test04_update_emp:93] - [修改员工的结果为：{'success': True, 'code': 10000, 'message': '操作成功！', 'data': {'id': '1190088942778929152'}}]
2019-11-01 10:11:30,458 INFO [root] [emp_parameterized.py test05_delete_emp:102] - [删除员工的结果为：{'success': True, 'code': 10000, 'message': '操作成功！', 'data': None}]
